# JRE version: OpenJDK Runtime Environment (16.0.2+7) (build 16.0.2+7-67)
# Java VM: OpenJDK 64-Bit Server VM (16.0.2+7-67, mixed mode, tiered, compressed oops, compressed class ptrs, g1 gc, windows-amd64)
GC Precious Log:
 CPUs: 4 total, 4 available
 Memory: 8154M
 Large Page Support: Disabled
 NUMA Support: Disabled
 Compressed Oops: Enabled (32-bit)
 Heap Region Size: 1M
 Heap Min Capacity: 8M
 Heap Initial Capacity: 128M
 Heap Max Capacity: 2040M
 Pre-touch: Disabled
 Parallel Workers: 4
 Concurrent Workers: 1
 Concurrent Refinement Workers: 4
 Periodic GC: Disabled
Heap:
 garbage-first heap   total 58368K, used 44915K [0x0000000080800000, 0x0000000100000000)
  region size 1024K, 17 young (17408K), 1 survivors (1024K)
 Metaspace       used 69085K, committed 69504K, reserved 1114112K
  class space    used 8634K, committed 8832K, reserved 1048576K
GC Heap History (20 events):
Event: 5.281 GC heap after
{Heap after GC invocations=9 (full 0):
 garbage-first heap   total 97280K, used 14303K [0x0000000080800000, 0x0000000100000000)
  region size 1024K, 6 young (6144K), 6 survivors (6144K)
 Metaspace       used 34003K, committed 34240K, reserved 1081344K
  class space    used 3908K, committed 4032K, reserved 1048576K
}
Event: 5.447 GC heap before
{Heap before GC invocations=9 (full 0):
 garbage-first heap   total 97280K, used 65503K [0x0000000080800000, 0x0000000100000000)
  region size 1024K, 57 young (58368K), 6 survivors (6144K)
 Metaspace       used 34737K, committed 35008K, reserved 1081344K
  class space    used 3971K, committed 4096K, reserved 1048576K
}
Event: 5.455 GC heap after
{Heap after GC invocations=10 (full 0):
 garbage-first heap   total 97280K, used 15152K [0x0000000080800000, 0x0000000100000000)
  region size 1024K, 1 young (1024K), 1 survivors (1024K)
 Metaspace       used 34737K, committed 35008K, reserved 1081344K
  class space    used 3971K, committed 4096K, reserved 1048576K
}
Event: 5.716 GC heap before
{Heap before GC invocations=10 (full 0):
 garbage-first heap   total 97280K, used 41776K [0x0000000080800000, 0x0000000100000000)
  region size 1024K, 29 young (29696K), 1 survivors (1024K)
 Metaspace       used 35583K, committed 35840K, reserved 1081344K
  class space    used 4075K, committed 4224K, reserved 1048576K
}
Event: 5.720 GC heap after
{Heap after GC invocations=11 (full 0):
 garbage-first heap   total 97280K, used 15084K [0x0000000080800000, 0x0000000100000000)
  region size 1024K, 1 young (1024K), 1 survivors (1024K)
 Metaspace       used 35583K, committed 35840K, reserved 1081344K
  class space    used 4075K, committed 4224K, reserved 1048576K
}
Event: 6.794 GC heap before
{Heap before GC invocations=12 (full 0):
 garbage-first heap   total 58368K, used 48876K [0x0000000080800000, 0x0000000100000000)
  region size 1024K, 34 young (34816K), 1 survivors (1024K)
 Metaspace       used 44250K, committed 44480K, reserved 1089536K
  class space    used 5334K, committed 5440K, reserved 1048576K
}
Event: 6.798 GC heap after
{Heap after GC invocations=13 (full 0):
 garbage-first heap   total 58368K, used 17854K [0x0000000080800000, 0x0000000100000000)
  region size 1024K, 4 young (4096K), 4 survivors (4096K)
 Metaspace       used 44250K, committed 44480K, reserved 1089536K
  class space    used 5334K, committed 5440K, reserved 1048576K
}
Event: 7.750 GC heap before
{Heap before GC invocations=13 (full 0):
 garbage-first heap   total 58368K, used 43454K [0x0000000080800000, 0x0000000100000000)
  region size 1024K, 30 young (30720K), 4 survivors (4096K)
 Metaspace       used 51879K, committed 52224K, reserved 1097728K
  class space    used 6486K, committed 6656K, reserved 1048576K
}
Event: 7.757 GC heap after
{Heap after GC invocations=14 (full 0):
 garbage-first heap   total 58368K, used 19969K [0x0000000080800000, 0x0000000100000000)
  region size 1024K, 3 young (3072K), 3 survivors (3072K)
 Metaspace       used 51879K, committed 52224K, reserved 1097728K
  class space    used 6486K, committed 6656K, reserved 1048576K
}
Event: 11.021 GC heap before
{Heap before GC invocations=14 (full 0):
 garbage-first heap   total 58368K, used 42497K [0x0000000080800000, 0x0000000100000000)
  region size 1024K, 26 young (26624K), 3 survivors (3072K)
 Metaspace       used 56164K, committed 56576K, reserved 1105920K
  class space    used 7052K, committed 7232K, reserved 1048576K
}
Event: 11.028 GC heap after
{Heap after GC invocations=15 (full 0):
 garbage-first heap   total 58368K, used 21374K [0x0000000080800000, 0x0000000100000000)
  region size 1024K, 4 young (4096K), 4 survivors (4096K)
 Metaspace       used 56164K, committed 56576K, reserved 1105920K
  class space    used 7052K, committed 7232K, reserved 1048576K
}
Event: 11.529 GC heap before
{Heap before GC invocations=15 (full 0):
 garbage-first heap   total 58368K, used 43902K [0x0000000080800000, 0x0000000100000000)
  region size 1024K, 26 young (26624K), 4 survivors (4096K)
 Metaspace       used 57810K, committed 58176K, reserved 1105920K
  class space    used 7279K, committed 7424K, reserved 1048576K
}
Event: 11.536 GC heap after
{Heap after GC invocations=16 (full 0):
 garbage-first heap   total 58368K, used 22631K [0x0000000080800000, 0x0000000100000000)
  region size 1024K, 3 young (3072K), 3 survivors (3072K)
 Metaspace       used 57810K, committed 58176K, reserved 1105920K
  class space    used 7279K, committed 7424K, reserved 1048576K
}
Event: 12.172 GC heap before
{Heap before GC invocations=16 (full 0):
 garbage-first heap   total 58368K, used 34919K [0x0000000080800000, 0x0000000100000000)
  region size 1024K, 16 young (16384K), 3 survivors (3072K)
 Metaspace       used 59547K, committed 59840K, reserved 1105920K
  class space    used 7516K, committed 7680K, reserved 1048576K
}
Event: 12.178 GC heap after
{Heap after GC invocations=17 (full 0):
 garbage-first heap   total 58368K, used 24044K [0x0000000080800000, 0x0000000100000000)
  region size 1024K, 3 young (3072K), 3 survivors (3072K)
 Metaspace       used 59547K, committed 59840K, reserved 1105920K
  class space    used 7516K, committed 7680K, reserved 1048576K
}
Event: 13.037 GC heap before
{Heap before GC invocations=18 (full 0):
 garbage-first heap   total 58368K, used 43500K [0x0000000080800000, 0x0000000100000000)
  region size 1024K, 23 young (23552K), 3 survivors (3072K)
 Metaspace       used 63127K, committed 63552K, reserved 1105920K
  class space    used 8002K, committed 8192K, reserved 1048576K
}
Event: 13.045 GC heap after
{Heap after GC invocations=19 (full 0):
 garbage-first heap   total 58368K, used 25968K [0x0000000080800000, 0x0000000100000000)
  region size 1024K, 3 young (3072K), 3 survivors (3072K)
 Metaspace       used 63127K, committed 63552K, reserved 1105920K
  class space    used 8002K, committed 8192K, reserved 1048576K
}
Event: 17.341 GC heap before
{Heap before GC invocations=19 (full 0):
 garbage-first heap   total 58368K, used 45424K [0x0000000080800000, 0x0000000100000000)
  region size 1024K, 22 young (22528K), 3 survivors (3072K)
 Metaspace       used 67629K, committed 67968K, reserved 1114112K
  class space    used 8529K, committed 8704K, reserved 1048576K
}
Event: 17.348 GC heap after
{Heap after GC invocations=20 (full 0):
 garbage-first heap   total 58368K, used 28531K [0x0000000080800000, 0x0000000100000000)
  region size 1024K, 3 young (3072K), 3 survivors (3072K)
 Metaspace       used 67629K, committed 67968K, reserved 1114112K
  class space    used 8529K, committed 8704K, reserved 1048576K
}
Event: 72.021 GC heap before
{Heap before GC invocations=20 (full 0):
 garbage-first heap   total 58368K, used 43891K [0x0000000080800000, 0x0000000100000000)
  region size 1024K, 19 young (19456K), 3 survivors (3072K)
 Metaspace       used 69085K, committed 69504K, reserved 1114112K
  class space    used 8634K, committed 8832K, reserved 1048576K
}

