# JRE version: Java(TM) SE Runtime Environment (18.0+36) (build 18+36-2087)
# Java VM: Java HotSpot(TM) 64-Bit Server VM (18+36-2087, mixed mode, sharing, tiered, compressed oops, compressed class ptrs, g1 gc, windows-amd64)
GC Precious Log:
 CardTable entry size: 512
 Card Set container configuration: InlinePtr #cards 5 size 8 Array Of Cards #cards 12 size 40 Howl #buckets 4 coarsen threshold 1843 Howl Bitmap #cards 512 size 80 coarsen threshold 460 Card regions per heap region 1 cards per card region 2048
 CPUs: 4 total, 4 available
 Memory: 8155M
 Large Page Support: Disabled
 NUMA Support: Disabled
 Compressed Oops: Enabled (32-bit)
 Heap Region Size: 1M
 Heap Min Capacity: 8M
 Heap Initial Capacity: 128M
 Heap Max Capacity: 2040M
 Pre-touch: Disabled
 Parallel Workers: 4
 Concurrent Workers: 1
 Concurrent Refinement Workers: 4
 Periodic GC: Disabled
Heap:
 garbage-first heap   total 153600K, used 76332K [0x0000000080800000, 0x0000000100000000)
  region size 1024K, 4 young (4096K), 2 survivors (2048K)
 Metaspace       used 27907K, committed 28416K, reserved 1114112K
  class space    used 3041K, committed 3264K, reserved 1048576K
GC Heap History (20 events):
Event: 5.145 GC heap before
{Heap before GC invocations=4 (full 0):
 garbage-first heap   total 131072K, used 70520K [0x0000000080800000, 0x0000000100000000)
  region size 1024K, 66 young (67584K), 9 survivors (9216K)
 Metaspace       used 21169K, committed 21504K, reserved 1114112K
  class space    used 2350K, committed 2496K, reserved 1048576K
}
Event: 5.163 GC heap after
{Heap after GC invocations=5 (full 0):
 garbage-first heap   total 131072K, used 16352K [0x0000000080800000, 0x0000000100000000)
  region size 1024K, 5 young (5120K), 5 survivors (5120K)
 Metaspace       used 21169K, committed 21504K, reserved 1114112K
  class space    used 2350K, committed 2496K, reserved 1048576K
}
Event: 6.162 GC heap before
{Heap before GC invocations=6 (full 0):
 garbage-first heap   total 61440K, used 50144K [0x0000000080800000, 0x0000000100000000)
  region size 1024K, 36 young (36864K), 5 survivors (5120K)
 Metaspace       used 23058K, committed 23424K, reserved 1114112K
  class space    used 2525K, committed 2752K, reserved 1048576K
}
Event: 6.183 GC heap after
{Heap after GC invocations=7 (full 0):
 garbage-first heap   total 67584K, used 29697K [0x0000000080800000, 0x0000000100000000)
  region size 1024K, 5 young (5120K), 5 survivors (5120K)
 Metaspace       used 23058K, committed 23424K, reserved 1114112K
  class space    used 2525K, committed 2752K, reserved 1048576K
}
Event: 6.203 GC heap before
{Heap before GC invocations=7 (full 0):
 garbage-first heap   total 67584K, used 30721K [0x0000000080800000, 0x0000000100000000)
  region size 1024K, 6 young (6144K), 5 survivors (5120K)
 Metaspace       used 23093K, committed 23488K, reserved 1114112K
  class space    used 2527K, committed 2752K, reserved 1048576K
}
Event: 6.210 GC heap after
{Heap after GC invocations=8 (full 0):
 garbage-first heap   total 67584K, used 30619K [0x0000000080800000, 0x0000000100000000)
  region size 1024K, 1 young (1024K), 1 survivors (1024K)
 Metaspace       used 23093K, committed 23488K, reserved 1114112K
  class space    used 2527K, committed 2752K, reserved 1048576K
}
Event: 6.726 GC heap before
{Heap before GC invocations=8 (full 0):
 garbage-first heap   total 67584K, used 50075K [0x0000000080800000, 0x0000000100000000)
  region size 1024K, 20 young (20480K), 1 survivors (1024K)
 Metaspace       used 23977K, committed 24384K, reserved 1114112K
  class space    used 2604K, committed 2816K, reserved 1048576K
}
Event: 6.734 GC heap after
{Heap after GC invocations=9 (full 0):
 garbage-first heap   total 128000K, used 33792K [0x0000000080800000, 0x0000000100000000)
  region size 1024K, 3 young (3072K), 3 survivors (3072K)
 Metaspace       used 23977K, committed 24384K, reserved 1114112K
  class space    used 2604K, committed 2816K, reserved 1048576K
}
Event: 8.035 GC heap before
{Heap before GC invocations=9 (full 0):
 garbage-first heap   total 128000K, used 89088K [0x0000000080800000, 0x0000000100000000)
  region size 1024K, 55 young (56320K), 3 survivors (3072K)
 Metaspace       used 25389K, committed 25792K, reserved 1114112K
  class space    used 2751K, committed 2944K, reserved 1048576K
}
Event: 8.049 GC heap after
{Heap after GC invocations=10 (full 0):
 garbage-first heap   total 128000K, used 50276K [0x0000000080800000, 0x0000000100000000)
  region size 1024K, 7 young (7168K), 7 survivors (7168K)
 Metaspace       used 25389K, committed 25792K, reserved 1114112K
  class space    used 2751K, committed 2944K, reserved 1048576K
}
Event: 8.729 GC heap before
{Heap before GC invocations=10 (full 0):
 garbage-first heap   total 128000K, used 88164K [0x0000000080800000, 0x0000000100000000)
  region size 1024K, 43 young (44032K), 7 survivors (7168K)
 Metaspace       used 26723K, committed 27136K, reserved 1114112K
  class space    used 2879K, committed 3072K, reserved 1048576K
}
Event: 8.738 GC heap after
{Heap after GC invocations=11 (full 0):
 garbage-first heap   total 128000K, used 49894K [0x0000000080800000, 0x0000000100000000)
  region size 1024K, 3 young (3072K), 3 survivors (3072K)
 Metaspace       used 26723K, committed 27136K, reserved 1114112K
  class space    used 2879K, committed 3072K, reserved 1048576K
}
Event: 9.019 GC heap before
{Heap before GC invocations=11 (full 0):
 garbage-first heap   total 128000K, used 66278K [0x0000000080800000, 0x0000000100000000)
  region size 1024K, 11 young (11264K), 3 survivors (3072K)
 Metaspace       used 27780K, committed 28288K, reserved 1114112K
  class space    used 3023K, committed 3264K, reserved 1048576K
}
Event: 9.024 GC heap after
{Heap after GC invocations=12 (full 0):
 garbage-first heap   total 128000K, used 60014K [0x0000000080800000, 0x0000000100000000)
  region size 1024K, 4 young (4096K), 4 survivors (4096K)
 Metaspace       used 27780K, committed 28288K, reserved 1114112K
  class space    used 3023K, committed 3264K, reserved 1048576K
}
Event: 9.044 GC heap before
{Heap before GC invocations=12 (full 0):
 garbage-first heap   total 128000K, used 63086K [0x0000000080800000, 0x0000000100000000)
  region size 1024K, 5 young (5120K), 4 survivors (4096K)
 Metaspace       used 27890K, committed 28352K, reserved 1114112K
  class space    used 3038K, committed 3264K, reserved 1048576K
}
Event: 9.049 GC heap after
{Heap after GC invocations=13 (full 0):
 garbage-first heap   total 153600K, used 63165K [0x0000000080800000, 0x0000000100000000)
  region size 1024K, 2 young (2048K), 2 survivors (2048K)
 Metaspace       used 27890K, committed 28352K, reserved 1114112K
  class space    used 3038K, committed 3264K, reserved 1048576K
}
Event: 9.055 GC heap before
{Heap before GC invocations=13 (full 0):
 garbage-first heap   total 153600K, used 70333K [0x0000000080800000, 0x0000000100000000)
  region size 1024K, 4 young (4096K), 2 survivors (2048K)
 Metaspace       used 27898K, committed 28352K, reserved 1114112K
  class space    used 3040K, committed 3264K, reserved 1048576K
}
Event: 9.057 GC heap after
{Heap after GC invocations=14 (full 0):
 garbage-first heap   total 153600K, used 69191K [0x0000000080800000, 0x0000000100000000)
  region size 1024K, 2 young (2048K), 2 survivors (2048K)
 Metaspace       used 27898K, committed 28352K, reserved 1114112K
  class space    used 3040K, committed 3264K, reserved 1048576K
}
Event: 9.058 GC heap before
{Heap before GC invocations=14 (full 0):
 garbage-first heap   total 153600K, used 73287K [0x0000000080800000, 0x0000000100000000)
  region size 1024K, 5 young (5120K), 2 survivors (2048K)
 Metaspace       used 27898K, committed 28352K, reserved 1114112K
  class space    used 3040K, committed 3264K, reserved 1048576K
}
Event: 9.060 GC heap after
{Heap after GC invocations=15 (full 0):
 garbage-first heap   total 153600K, used 72236K [0x0000000080800000, 0x0000000100000000)
  region size 1024K, 2 young (2048K), 2 survivors (2048K)
 Metaspace       used 27898K, committed 28352K, reserved 1114112K
  class space    used 3040K, committed 3264K, reserved 1048576K
}

